# JRE version: Java(TM) SE Runtime Environment (8.0-b132) (build 1.8.0-b132)
# Java VM: Java HotSpot(TM) 64-Bit Server VM (25.0-b70 mixed mode windows-amd64 compressed oops)
Heap:
 PSYoungGen      total 33280K, used 30434K [0x00000000d6e00000, 0x00000000d9200000, 0x0000000100000000)
  eden space 29696K, 96% used [0x00000000d6e00000,0x00000000d89f7638,0x00000000d8b00000)
  from space 3584K, 50% used [0x00000000d8e80000,0x00000000d9041250,0x00000000d9200000)
  to   space 3584K, 0% used [0x00000000d8b00000,0x00000000d8b00000,0x00000000d8e80000)
 ParOldGen       total 125440K, used 6386K [0x0000000084a00000, 0x000000008c480000, 0x00000000d6e00000)
  object space 125440K, 5% used [0x0000000084a00000,0x000000008503cb08,0x000000008c480000)
 Metaspace       used 15197K, capacity 15558K, committed 15744K, reserved 1062912K
  class space    used 1935K, capacity 2053K, committed 2176K, reserved 1048576K
GC Heap History (10 events):
Event: 0.694 GC heap before
{Heap before GC invocations=10 (full 0):
 PSYoungGen      total 8704K, used 7989K [0x00000000d6e00000, 0x00000000d7c80000, 0x0000000100000000)
  eden space 7168K, 100% used [0x00000000d6e00000,0x00000000d7500000,0x00000000d7500000)
  from space 1536K, 53% used [0x00000000d7500000,0x00000000d75cd778,0x00000000d7680000)
  to   space 1536K, 0% used [0x00000000d7b00000,0x00000000d7b00000,0x00000000d7c80000)
 ParOldGen       total 125440K, used 1625K [0x0000000084a00000, 0x000000008c480000, 0x00000000d6e00000)
  object space 125440K, 1% used [0x0000000084a00000,0x0000000084b96568,0x000000008c480000)
 Metaspace       used 7121K, capacity 7278K, committed 7424K, reserved 1056768K
  class space    used 915K, capacity 957K, committed 1024K, reserved 1048576K
Event: 0.695 GC heap after
Heap after GC invocations=10 (full 0):
 PSYoungGen      total 13312K, used 754K [0x00000000d6e00000, 0x00000000d7c80000, 0x0000000100000000)
  eden space 11776K, 0% used [0x00000000d6e00000,0x00000000d6e00000,0x00000000d7980000)
  from space 1536K, 49% used [0x00000000d7b00000,0x00000000d7bbcb18,0x00000000d7c80000)
  to   space 1536K, 0% used [0x00000000d7980000,0x00000000d7980000,0x00000000d7b00000)
 ParOldGen       total 125440K, used 1857K [0x0000000084a00000, 0x000000008c480000, 0x00000000d6e00000)
  object space 125440K, 1% used [0x0000000084a00000,0x0000000084bd0568,0x000000008c480000)
 Metaspace       used 7121K, capacity 7278K, committed 7424K, reserved 1056768K
  class space    used 915K, capacity 957K, committed 1024K, reserved 1048576K
}
Event: 0.892 GC heap before
{Heap before GC invocations=11 (full 0):
 PSYoungGen      total 13312K, used 12530K [0x00000000d6e00000, 0x00000000d7c80000, 0x0000000100000000)
  eden space 11776K, 100% used [0x00000000d6e00000,0x00000000d7980000,0x00000000d7980000)
  from space 1536K, 49% used [0x00000000d7b00000,0x00000000d7bbcb18,0x00000000d7c80000)
  to   space 1536K, 0% used [0x00000000d7980000,0x00000000d7980000,0x00000000d7b00000)
 ParOldGen       total 125440K, used 1857K [0x0000000084a00000, 0x000000008c480000, 0x00000000d6e00000)
  object space 125440K, 1% used [0x0000000084a00000,0x0000000084bd0568,0x000000008c480000)
 Metaspace       used 8725K, capacity 8954K, committed 9088K, reserved 1056768K
  class space    used 1089K, capacity 1152K, committed 1152K, reserved 1048576K
Event: 0.896 GC heap after
Heap after GC invocations=11 (full 0):
 PSYoungGen      total 13312K, used 1509K [0x00000000d6e00000, 0x00000000d8480000, 0x0000000100000000)
  eden space 11776K, 0% used [0x00000000d6e00000,0x00000000d6e00000,0x00000000d7980000)
  from space 1536K, 98% used [0x00000000d7980000,0x00000000d7af9538,0x00000000d7b00000)
  to   space 2048K, 0% used [0x00000000d8280000,0x00000000d8280000,0x00000000d8480000)
 ParOldGen       total 125440K, used 2920K [0x0000000084a00000, 0x000000008c480000, 0x00000000d6e00000)
  object space 125440K, 2% used [0x0000000084a00000,0x0000000084cda038,0x000000008c480000)
 Metaspace       used 8725K, capacity 8954K, committed 9088K, reserved 1056768K
  class space    used 1089K, capacity 1152K, committed 1152K, reserved 1048576K
}
Event: 1.099 GC heap before
{Heap before GC invocations=12 (full 0):
 PSYoungGen      total 13312K, used 13285K [0x00000000d6e00000, 0x00000000d8480000, 0x0000000100000000)
  eden space 11776K, 100% used [0x00000000d6e00000,0x00000000d7980000,0x00000000d7980000)
  from space 1536K, 98% used [0x00000000d7980000,0x00000000d7af9538,0x00000000d7b00000)
  to   space 2048K, 0% used [0x00000000d8280000,0x00000000d8280000,0x00000000d8480000)
 ParOldGen       total 125440K, used 2920K [0x0000000084a00000, 0x000000008c480000, 0x00000000d6e00000)
  object space 125440K, 2% used [0x0000000084a00000,0x0000000084cda038,0x000000008c480000)
 Metaspace       used 10256K, capacity 10510K, committed 10752K, reserved 1058816K
  class space    used 1314K, capacity 1415K, committed 1536K, reserved 1048576K
Event: 1.102 GC heap after
Heap after GC invocations=12 (full 0):
 PSYoungGen      total 20480K, used 2039K [0x00000000d6e00000, 0x00000000d8580000, 0x0000000100000000)
  eden space 18432K, 0% used [0x00000000d6e00000,0x00000000d6e00000,0x00000000d8000000)
  from space 2048K, 99% used [0x00000000d8280000,0x00000000d847dce8,0x00000000d8480000)
  to   space 2560K, 0% used [0x00000000d8000000,0x00000000d8000000,0x00000000d8280000)
 ParOldGen       total 125440K, used 3530K [0x0000000084a00000, 0x000000008c480000, 0x00000000d6e00000)
  object space 125440K, 2% used [0x0000000084a00000,0x0000000084d72a20,0x000000008c480000)
 Metaspace       used 10256K, capacity 10510K, committed 10752K, reserved 1058816K
  class space    used 1314K, capacity 1415K, committed 1536K, reserved 1048576K
}
Event: 1.572 GC heap before
{Heap before GC invocations=13 (full 0):
 PSYoungGen      total 20480K, used 20471K [0x00000000d6e00000, 0x00000000d8580000, 0x0000000100000000)
  eden space 18432K, 100% used [0x00000000d6e00000,0x00000000d8000000,0x00000000d8000000)
  from space 2048K, 99% used [0x00000000d8280000,0x00000000d847dce8,0x00000000d8480000)
  to   space 2560K, 0% used [0x00000000d8000000,0x00000000d8000000,0x00000000d8280000)
 ParOldGen       total 125440K, used 3530K [0x0000000084a00000, 0x000000008c480000, 0x00000000d6e00000)
  object space 125440K, 2% used [0x0000000084a00000,0x0000000084d72a20,0x000000008c480000)
 Metaspace       used 12815K, capacity 13050K, committed 13312K, reserved 1060864K
  class space    used 1627K, capacity 1705K, committed 1792K, reserved 1048576K
Event: 1.578 GC heap after
Heap after GC invocations=13 (full 0):
 PSYoungGen      total 20992K, used 2529K [0x00000000d6e00000, 0x00000000d9200000, 0x0000000100000000)
  eden space 18432K, 0% used [0x00000000d6e00000,0x00000000d6e00000,0x00000000d8000000)
  from space 2560K, 98% used [0x00000000d8000000,0x00000000d8278588,0x00000000d8280000)
  to   space 3584K, 0% used [0x00000000d8e80000,0x00000000d8e80000,0x00000000d9200000)
 ParOldGen       total 125440K, used 4863K [0x0000000084a00000, 0x000000008c480000, 0x00000000d6e00000)
  object space 125440K, 3% used [0x0000000084a00000,0x0000000084ebfcf0,0x000000008c480000)
 Metaspace       used 12815K, capacity 13050K, committed 13312K, reserved 1060864K
  class space    used 1627K, capacity 1705K, committed 1792K, reserved 1048576K
}
Event: 2.094 GC heap before
{Heap before GC invocations=14 (full 0):
 PSYoungGen      total 20992K, used 20961K [0x00000000d6e00000, 0x00000000d9200000, 0x0000000100000000)
  eden space 18432K, 100% used [0x00000000d6e00000,0x00000000d8000000,0x00000000d8000000)
  from space 2560K, 98% used [0x00000000d8000000,0x00000000d8278588,0x00000000d8280000)
  to   space 3584K, 0% used [0x00000000d8e80000,0x00000000d8e80000,0x00000000d9200000)
 ParOldGen       total 125440K, used 4863K [0x0000000084a00000, 0x000000008c480000, 0x00000000d6e00000)
  object space 125440K, 3% used [0x0000000084a00000,0x0000000084ebfcf0,0x000000008c480000)
 Metaspace       used 13244K, capacity 13490K, committed 13824K, reserved 1060864K
  class space    used 1667K, capacity 1741K, committed 1792K, reserved 1048576K
Event: 2.100 GC heap after
Heap after GC invocations=14 (full 0):
 PSYoungGen      total 33280K, used 1796K [0x00000000d6e00000, 0x00000000d9200000, 0x0000000100000000)
  eden space 29696K, 0% used [0x00000000d6e00000,0x00000000d6e00000,0x00000000d8b00000)
  from space 3584K, 50% used [0x00000000d8e80000,0x00000000d9041250,0x00000000d9200000)
  to   space 3584K, 0% used [0x00000000d8b00000,0x00000000d8b00000,0x00000000d8e80000)
 ParOldGen       total 125440K, used 6386K [0x0000000084a00000, 0x000000008c480000, 0x00000000d6e00000)
  object space 125440K, 5% used [0x0000000084a00000,0x000000008503cb08,0x000000008c480000)
 Metaspace       used 13244K, capacity 13490K, committed 13824K, reserved 1060864K
  class space    used 1667K, capacity 1741K, committed 1792K, reserved 1048576K
}

