# JRE version: Java(TM) SE Runtime Environment (8.0-b132) (build 1.8.0-b132)
# Java VM: Java HotSpot(TM) 64-Bit Server VM (25.0-b70 mixed mode windows-amd64 compressed oops)
Heap:
 PSYoungGen      total 33280K, used 23583K [0x00000000d6e00000, 0x00000000d9200000, 0x0000000100000000)
  eden space 29696K, 71% used [0x00000000d6e00000,0x00000000d82b5d10,0x00000000d8b00000)
  from space 3584K, 66% used [0x00000000d8b00000,0x00000000d8d522c8,0x00000000d8e80000)
  to   space 3584K, 0% used [0x00000000d8e80000,0x00000000d8e80000,0x00000000d9200000)
 ParOldGen       total 125440K, used 7790K [0x0000000084a00000, 0x000000008c480000, 0x00000000d6e00000)
  object space 125440K, 6% used [0x0000000084a00000,0x000000008519bb30,0x000000008c480000)
 Metaspace       used 17851K, capacity 18214K, committed 18304K, reserved 1064960K
  class space    used 2274K, capacity 2405K, committed 2432K, reserved 1048576K
GC Heap History (10 events):
Event: 0.887 GC heap before
{Heap before GC invocations=11 (full 0):
 PSYoungGen      total 13312K, used 12530K [0x00000000d6e00000, 0x00000000d7c80000, 0x0000000100000000)
  eden space 11776K, 100% used [0x00000000d6e00000,0x00000000d7980000,0x00000000d7980000)
  from space 1536K, 49% used [0x00000000d7b00000,0x00000000d7bbcb18,0x00000000d7c80000)
  to   space 1536K, 0% used [0x00000000d7980000,0x00000000d7980000,0x00000000d7b00000)
 ParOldGen       total 125440K, used 1873K [0x0000000084a00000, 0x000000008c480000, 0x00000000d6e00000)
  object space 125440K, 1% used [0x0000000084a00000,0x0000000084bd45b0,0x000000008c480000)
 Metaspace       used 8715K, capacity 8954K, committed 9088K, reserved 1056768K
  class space    used 1089K, capacity 1152K, committed 1152K, reserved 1048576K
Event: 0.891 GC heap after
Heap after GC invocations=11 (full 0):
 PSYoungGen      total 13312K, used 1517K [0x00000000d6e00000, 0x00000000d8480000, 0x0000000100000000)
  eden space 11776K, 0% used [0x00000000d6e00000,0x00000000d6e00000,0x00000000d7980000)
  from space 1536K, 98% used [0x00000000d7980000,0x00000000d7afb510,0x00000000d7b00000)
  to   space 2048K, 0% used [0x00000000d8280000,0x00000000d8280000,0x00000000d8480000)
 ParOldGen       total 125440K, used 2945K [0x0000000084a00000, 0x000000008c480000, 0x00000000d6e00000)
  object space 125440K, 2% used [0x0000000084a00000,0x0000000084ce04a0,0x000000008c480000)
 Metaspace       used 8715K, capacity 8954K, committed 9088K, reserved 1056768K
  class space    used 1089K, capacity 1152K, committed 1152K, reserved 1048576K
}
Event: 1.092 GC heap before
{Heap before GC invocations=12 (full 0):
 PSYoungGen      total 13312K, used 13293K [0x00000000d6e00000, 0x00000000d8480000, 0x0000000100000000)
  eden space 11776K, 100% used [0x00000000d6e00000,0x00000000d7980000,0x00000000d7980000)
  from space 1536K, 98% used [0x00000000d7980000,0x00000000d7afb510,0x00000000d7b00000)
  to   space 2048K, 0% used [0x00000000d8280000,0x00000000d8280000,0x00000000d8480000)
 ParOldGen       total 125440K, used 2945K [0x0000000084a00000, 0x000000008c480000, 0x00000000d6e00000)
  object space 125440K, 2% used [0x0000000084a00000,0x0000000084ce04a0,0x000000008c480000)
 Metaspace       used 10255K, capacity 10510K, committed 10752K, reserved 1058816K
  class space    used 1314K, capacity 1415K, committed 1536K, reserved 1048576K
Event: 1.096 GC heap after
Heap after GC invocations=12 (full 0):
 PSYoungGen      total 20480K, used 2043K [0x00000000d6e00000, 0x00000000d8580000, 0x0000000100000000)
  eden space 18432K, 0% used [0x00000000d6e00000,0x00000000d6e00000,0x00000000d8000000)
  from space 2048K, 99% used [0x00000000d8280000,0x00000000d847edd0,0x00000000d8480000)
  to   space 2560K, 0% used [0x00000000d8000000,0x00000000d8000000,0x00000000d8280000)
 ParOldGen       total 125440K, used 3547K [0x0000000084a00000, 0x000000008c480000, 0x00000000d6e00000)
  object space 125440K, 2% used [0x0000000084a00000,0x0000000084d76e88,0x000000008c480000)
 Metaspace       used 10255K, capacity 10510K, committed 10752K, reserved 1058816K
  class space    used 1314K, capacity 1415K, committed 1536K, reserved 1048576K
}
Event: 2.348 GC heap before
{Heap before GC invocations=13 (full 0):
 PSYoungGen      total 20480K, used 20475K [0x00000000d6e00000, 0x00000000d8580000, 0x0000000100000000)
  eden space 18432K, 100% used [0x00000000d6e00000,0x00000000d8000000,0x00000000d8000000)
  from space 2048K, 99% used [0x00000000d8280000,0x00000000d847edd0,0x00000000d8480000)
  to   space 2560K, 0% used [0x00000000d8000000,0x00000000d8000000,0x00000000d8280000)
 ParOldGen       total 125440K, used 3547K [0x0000000084a00000, 0x000000008c480000, 0x00000000d6e00000)
  object space 125440K, 2% used [0x0000000084a00000,0x0000000084d76e88,0x000000008c480000)
 Metaspace       used 12809K, capacity 13050K, committed 13312K, reserved 1060864K
  class space    used 1627K, capacity 1705K, committed 1792K, reserved 1048576K
Event: 2.355 GC heap after
Heap after GC invocations=13 (full 0):
 PSYoungGen      total 20992K, used 2555K [0x00000000d6e00000, 0x00000000d9200000, 0x0000000100000000)
  eden space 18432K, 0% used [0x00000000d6e00000,0x00000000d6e00000,0x00000000d8000000)
  from space 2560K, 99% used [0x00000000d8000000,0x00000000d827ee90,0x00000000d8280000)
  to   space 3584K, 0% used [0x00000000d8e80000,0x00000000d8e80000,0x00000000d9200000)
 ParOldGen       total 125440K, used 4991K [0x0000000084a00000, 0x000000008c480000, 0x00000000d6e00000)
  object space 125440K, 3% used [0x0000000084a00000,0x0000000084edfd08,0x000000008c480000)
 Metaspace       used 12809K, capacity 13050K, committed 13312K, reserved 1060864K
  class space    used 1627K, capacity 1705K, committed 1792K, reserved 1048576K
}
Event: 3.011 GC heap before
{Heap before GC invocations=14 (full 0):
 PSYoungGen      total 20992K, used 20987K [0x00000000d6e00000, 0x00000000d9200000, 0x0000000100000000)
  eden space 18432K, 100% used [0x00000000d6e00000,0x00000000d8000000,0x00000000d8000000)
  from space 2560K, 99% used [0x00000000d8000000,0x00000000d827ee90,0x00000000d8280000)
  to   space 3584K, 0% used [0x00000000d8e80000,0x00000000d8e80000,0x00000000d9200000)
 ParOldGen       total 125440K, used 4991K [0x0000000084a00000, 0x000000008c480000, 0x00000000d6e00000)
  object space 125440K, 3% used [0x0000000084a00000,0x0000000084edfd08,0x000000008c480000)
 Metaspace       used 13237K, capacity 13490K, committed 13824K, reserved 1060864K
  class space    used 1667K, capacity 1741K, committed 1792K, reserved 1048576K
Event: 3.017 GC heap after
Heap after GC invocations=14 (full 0):
 PSYoungGen      total 33280K, used 1732K [0x00000000d6e00000, 0x00000000d9200000, 0x0000000100000000)
  eden space 29696K, 0% used [0x00000000d6e00000,0x00000000d6e00000,0x00000000d8b00000)
  from space 3584K, 48% used [0x00000000d8e80000,0x00000000d9031250,0x00000000d9200000)
  to   space 3584K, 0% used [0x00000000d8b00000,0x00000000d8b00000,0x00000000d8e80000)
 ParOldGen       total 125440K, used 6542K [0x0000000084a00000, 0x000000008c480000, 0x00000000d6e00000)
  object space 125440K, 5% used [0x0000000084a00000,0x0000000085063b30,0x000000008c480000)
 Metaspace       used 13237K, capacity 13490K, committed 13824K, reserved 1060864K
  class space    used 1667K, capacity 1741K, committed 1792K, reserved 1048576K
}
Event: 3.804 GC heap before
{Heap before GC invocations=15 (full 0):
 PSYoungGen      total 33280K, used 31428K [0x00000000d6e00000, 0x00000000d9200000, 0x0000000100000000)
  eden space 29696K, 100% used [0x00000000d6e00000,0x00000000d8b00000,0x00000000d8b00000)
  from space 3584K, 48% used [0x00000000d8e80000,0x00000000d9031250,0x00000000d9200000)
  to   space 3584K, 0% used [0x00000000d8b00000,0x00000000d8b00000,0x00000000d8e80000)
 ParOldGen       total 125440K, used 6542K [0x0000000084a00000, 0x000000008c480000, 0x00000000d6e00000)
  object space 125440K, 5% used [0x0000000084a00000,0x0000000085063b30,0x000000008c480000)
 Metaspace       used 15682K, capacity 16070K, committed 16256K, reserved 1062912K
  class space    used 1996K, capacity 2117K, committed 2176K, reserved 1048576K
Event: 3.822 GC heap after
Heap after GC invocations=15 (full 0):
 PSYoungGen      total 33280K, used 2376K [0x00000000d6e00000, 0x00000000d9200000, 0x0000000100000000)
  eden space 29696K, 0% used [0x00000000d6e00000,0x00000000d6e00000,0x00000000d8b00000)
  from space 3584K, 66% used [0x00000000d8b00000,0x00000000d8d522c8,0x00000000d8e80000)
  to   space 3584K, 0% used [0x00000000d8e80000,0x00000000d8e80000,0x00000000d9200000)
 ParOldGen       total 125440K, used 7790K [0x0000000084a00000, 0x000000008c480000, 0x00000000d6e00000)
  object space 125440K, 6% used [0x0000000084a00000,0x000000008519bb30,0x000000008c480000)
 Metaspace       used 15682K, capacity 16070K, committed 16256K, reserved 1062912K
  class space    used 1996K, capacity 2117K, committed 2176K, reserved 1048576K
}

